

*******************************************************************************
Tue Aug 10 09:59:15 2004


FIT:    data read from "tsnnls_nolsqr" using (log10($1) < 8 ? log10($1) : 1/0):(log10($2))
        #datapoints = 108
        residuals are weighted equally (unit weight)

function used for fitting: f(x)
fitted parameters initialized with current variable values



Iteration 0
WSSR        : 19565.6           delta(WSSR)/WSSR   : 0
delta(WSSR) : 0                 limit for stopping : 1e-05
lambda	  : 3.61314

initial set of free parameter values

a               = 1
b               = 1

After 4 iterations the fit converged.
final sum of squares of residuals : 12.8393
rel. change during last iteration : -3.61147e-11

degrees of freedom (ndf) : 106
rms of residuals      (stdfit) = sqrt(WSSR/ndf)      : 0.34803
variance of residuals (reduced chisquare) = WSSR/ndf : 0.121125

Final set of parameters            Asymptotic Standard Error
=======================            ==========================

a               = 2.03789          +/- 0.01712      (0.8398%)
b               = -17.089          +/- 0.08576      (0.5019%)


correlation matrix of the fit parameters:

               a      b      
a               1.000 
b              -0.921  1.000 
